<?xml version="1.0" encoding="UTF-8"?>
<testng-results ignored="0" total="1" passed="1" failed="0" skipped="0">
  <reporter-output>
  </reporter-output>
  <suite started-at="2023-12-20T10:17:04 IST" name="Default suite" finished-at="2023-12-20T10:17:28 IST" duration-ms="24066">
    <groups>
    </groups>
    <test started-at="2023-12-20T10:17:04 IST" name="Default test" finished-at="2023-12-20T10:17:28 IST" duration-ms="24066">
      <class name="dec20th.ScreenshotDemo">
        <test-method is-config="true" signature="setUp()[pri:0, instance:dec20th.ScreenshotDemo@6c2ed0cd]" started-at="2023-12-20T10:17:04 IST" name="setUp" finished-at="2023-12-20T10:17:24 IST" duration-ms="20303" status="PASS">
          <reporter-output>
          </reporter-output>
        </test-method> <!-- setUp -->
        <test-method signature="screenshotTest()[pri:0, instance:dec20th.ScreenshotDemo@6c2ed0cd]" started-at="2023-12-20T10:17:24 IST" name="screenshotTest" finished-at="2023-12-20T10:17:25 IST" duration-ms="470" status="PASS">
          <reporter-output>
          </reporter-output>
        </test-method> <!-- screenshotTest -->
        <test-method is-config="true" signature="teardown()[pri:0, instance:dec20th.ScreenshotDemo@6c2ed0cd]" started-at="2023-12-20T10:17:25 IST" name="teardown" finished-at="2023-12-20T10:17:28 IST" duration-ms="3252" status="PASS">
          <reporter-output>
          </reporter-output>
        </test-method> <!-- teardown -->
      </class> <!-- dec20th.ScreenshotDemo -->
    </test> <!-- Default test -->
  </suite> <!-- Default suite -->
</testng-results>
